2026-02-25 14:58:01,833 - app.main - INFO - 本地生产环境 - 服务健康检查
2026-03-01 11:17:38,130 - app.main - INFO - 本地生产环境 - 服务健康检查
2026-03-01 11:18:05,988 - app.main - ERROR - 请求异常 - 路径：/api/v1/generate-intro-simple，错误：'dict' object has no attribute 'title'
Traceback (most recent call last):
  File "C:\Users\20743\AppData\Local\Programs\Python\Python310\lib\site-packages\starlette\middleware\errors.py", line 164, in __call__
    await self.app(scope, receive, _send)
  File "C:\Users\20743\AppData\Local\Programs\Python\Python310\lib\site-packages\starlette\middleware\cors.py", line 87, in __call__
    await self.app(scope, receive, send)
  File "C:\Users\20743\AppData\Local\Programs\Python\Python310\lib\site-packages\starlette\middleware\exceptions.py", line 63, in __call__
    await wrap_app_handling_exceptions(self.app, conn)(scope, receive, send)
  File "C:\Users\20743\AppData\Local\Programs\Python\Python310\lib\site-packages\starlette\_exception_handler.py", line 53, in wrapped_app
    raise exc
  File "C:\Users\20743\AppData\Local\Programs\Python\Python310\lib\site-packages\starlette\_exception_handler.py", line 42, in wrapped_app
    await app(scope, receive, sender)
  File "C:\Users\20743\AppData\Local\Programs\Python\Python310\lib\site-packages\fastapi\middleware\asyncexitstack.py", line 18, in __call__
    await self.app(scope, receive, send)
  File "C:\Users\20743\AppData\Local\Programs\Python\Python310\lib\site-packages\starlette\routing.py", line 716, in __call__
    await self.middleware_stack(scope, receive, send)
  File "C:\Users\20743\AppData\Local\Programs\Python\Python310\lib\site-packages\starlette\routing.py", line 736, in app
    await route.handle(scope, receive, send)
  File "C:\Users\20743\AppData\Local\Programs\Python\Python310\lib\site-packages\starlette\routing.py", line 290, in handle
    await self.app(scope, receive, send)
  File "C:\Users\20743\AppData\Local\Programs\Python\Python310\lib\site-packages\fastapi\routing.py", line 119, in app
    await wrap_app_handling_exceptions(app, request)(scope, receive, send)
  File "C:\Users\20743\AppData\Local\Programs\Python\Python310\lib\site-packages\starlette\_exception_handler.py", line 53, in wrapped_app
    raise exc
  File "C:\Users\20743\AppData\Local\Programs\Python\Python310\lib\site-packages\starlette\_exception_handler.py", line 42, in wrapped_app
    await app(scope, receive, sender)
  File "C:\Users\20743\AppData\Local\Programs\Python\Python310\lib\site-packages\fastapi\routing.py", line 105, in app
    response = await f(request)
  File "C:\Users\20743\AppData\Local\Programs\Python\Python310\lib\site-packages\fastapi\routing.py", line 431, in app
    raw_response = await run_endpoint_function(
  File "C:\Users\20743\AppData\Local\Programs\Python\Python310\lib\site-packages\fastapi\routing.py", line 313, in run_endpoint_function
    return await dependant.call(**values)
  File "E:\GraduationProject\backfront\app\api\endpoints.py", line 45, in generate_intro_simple
    prompt = prompt_builder.build_intro_prompt(
  File "E:\GraduationProject\backfront\app\core\prompt_builder.py", line 28, in build_intro_prompt
    标题：{product_info.title}
AttributeError: 'dict' object has no attribute 'title'
2026-03-01 11:24:20,614 - app.main - INFO - 本地生产环境 - 服务健康检查
2026-03-01 11:36:09,598 - app.main - INFO - 本地生产环境 - 服务健康检查
2026-03-01 11:41:10,472 - app.main - INFO - 本地生产环境 - 服务健康检查
2026-03-01 11:42:29,362 - app.main - INFO - 本地生产环境 - 服务健康检查
2026-03-01 11:45:59,422 - app.main - INFO - 本地生产环境 - 服务健康检查
2026-03-01 11:46:09,103 - app.core.feature_extractor - INFO - 成功提取商品卖点，数量：5
2026-03-01 11:51:52,630 - app.main - INFO - 本地生产环境 - 服务健康检查
2026-03-01 11:52:06,291 - app.core.feature_extractor - INFO - 成功提取商品卖点，数量：6
2026-03-01 11:52:34,270 - app.core.feature_extractor - INFO - 成功提取商品卖点，数量：8
2026-03-01 11:57:21,976 - app.core.feature_extractor - INFO - 提取卖点数量：4
2026-03-01 11:59:40,158 - app.core.feature_extractor - INFO - 提取卖点完成，数量：4
2026-03-01 12:07:02,699 - app.core.feature_extractor - INFO - 提取卖点完成，数量：4
2026-03-01 12:11:29,152 - app.main - ERROR - 请求异常 - 路径：/api/v1/generate-intro，错误：'dict' object has no attribute 'title'
Traceback (most recent call last):
  File "C:\Users\20743\AppData\Local\Programs\Python\Python310\lib\site-packages\starlette\middleware\errors.py", line 164, in __call__
    await self.app(scope, receive, _send)
  File "C:\Users\20743\AppData\Local\Programs\Python\Python310\lib\site-packages\starlette\middleware\cors.py", line 87, in __call__
    await self.app(scope, receive, send)
  File "C:\Users\20743\AppData\Local\Programs\Python\Python310\lib\site-packages\starlette\middleware\exceptions.py", line 63, in __call__
    await wrap_app_handling_exceptions(self.app, conn)(scope, receive, send)
  File "C:\Users\20743\AppData\Local\Programs\Python\Python310\lib\site-packages\starlette\_exception_handler.py", line 53, in wrapped_app
    raise exc
  File "C:\Users\20743\AppData\Local\Programs\Python\Python310\lib\site-packages\starlette\_exception_handler.py", line 42, in wrapped_app
    await app(scope, receive, sender)
  File "C:\Users\20743\AppData\Local\Programs\Python\Python310\lib\site-packages\fastapi\middleware\asyncexitstack.py", line 18, in __call__
    await self.app(scope, receive, send)
  File "C:\Users\20743\AppData\Local\Programs\Python\Python310\lib\site-packages\starlette\routing.py", line 716, in __call__
    await self.middleware_stack(scope, receive, send)
  File "C:\Users\20743\AppData\Local\Programs\Python\Python310\lib\site-packages\starlette\routing.py", line 736, in app
    await route.handle(scope, receive, send)
  File "C:\Users\20743\AppData\Local\Programs\Python\Python310\lib\site-packages\starlette\routing.py", line 290, in handle
    await self.app(scope, receive, send)
  File "C:\Users\20743\AppData\Local\Programs\Python\Python310\lib\site-packages\fastapi\routing.py", line 119, in app
    await wrap_app_handling_exceptions(app, request)(scope, receive, send)
  File "C:\Users\20743\AppData\Local\Programs\Python\Python310\lib\site-packages\starlette\_exception_handler.py", line 53, in wrapped_app
    raise exc
  File "C:\Users\20743\AppData\Local\Programs\Python\Python310\lib\site-packages\starlette\_exception_handler.py", line 42, in wrapped_app
    await app(scope, receive, sender)
  File "C:\Users\20743\AppData\Local\Programs\Python\Python310\lib\site-packages\fastapi\routing.py", line 105, in app
    response = await f(request)
  File "C:\Users\20743\AppData\Local\Programs\Python\Python310\lib\site-packages\fastapi\routing.py", line 431, in app
    raw_response = await run_endpoint_function(
  File "C:\Users\20743\AppData\Local\Programs\Python\Python310\lib\site-packages\fastapi\routing.py", line 313, in run_endpoint_function
    return await dependant.call(**values)
  File "E:\GraduationProject\backfront\app\api\endpoints.py", line 22, in generate_intro
    prompt = prompt_builder.build_intro_prompt(
  File "E:\GraduationProject\backfront\app\core\prompt_builder.py", line 28, in build_intro_prompt
    标题：{product_info.title}
AttributeError: 'dict' object has no attribute 'title'
